<?xml version="1.0" encoding="UTF-8"?>
<testng-results ignored="0" total="2" passed="2" failed="0" skipped="0">
  <reporter-output>
  </reporter-output>
  <suite started-at="2026-01-02T11:56:34 IST" name="Suite" finished-at="2026-01-02T11:56:49 IST" duration-ms="14925">
    <groups>
      <group name="regression">
        <method signature="LoginTest.verifyUserLoginWithValidCredentials()[pri:1, instance:testscript.LoginTest@2ea41516]" name="verifyUserLoginWithValidCredentials" class="testscript.LoginTest"/>
      </group> <!-- regression -->
    </groups>
    <test started-at="2026-01-02T11:56:34 IST" name="TestNG" finished-at="2026-01-02T11:56:49 IST" duration-ms="14925">
      <class name="testscript.LoginTest">
        <test-method is-config="true" signature="browserInitialization(java.lang.String)[pri:0, instance:testscript.LoginTest@2ea41516]" started-at="2026-01-02T11:56:34 IST" name="browserInitialization" finished-at="2026-01-02T11:56:39 IST" duration-ms="4524" status="PASS">
          <params>
            <param index="0">
              <value>
                <![CDATA[chrome]]>
              </value>
            </param>
          </params>
          <reporter-output>
          </reporter-output>
        </test-method> <!-- browserInitialization -->
        <test-method signature="verifyUserLoginWithCorrectUnameAndIncorrectPassword()[pri:0, instance:testscript.LoginTest@2ea41516]" started-at="2026-01-02T11:56:39 IST" name="verifyUserLoginWithCorrectUnameAndIncorrectPassword" finished-at="2026-01-02T11:56:44 IST" duration-ms="4950" status="PASS">
          <reporter-output>
          </reporter-output>
        </test-method> <!-- verifyUserLoginWithCorrectUnameAndIncorrectPassword -->
        <test-method is-config="true" signature="browserQuit(org.testng.ITestResult)[pri:0, instance:testscript.LoginTest@2ea41516]" started-at="2026-01-02T11:56:44 IST" name="browserQuit" finished-at="2026-01-02T11:56:44 IST" duration-ms="3" status="PASS">
          <params>
            <param index="0">
              <value>
                <![CDATA[[TestResult name=verifyUserLoginWithCorrectUnameAndIncorrectPassword status=SUCCESS method=LoginTest.verifyUserLoginWithCorrectUnameAndIncorrectPassword()[pri:0, instance:testscript.LoginTest@2ea41516] output={null}]]]>
              </value>
            </param>
          </params>
          <reporter-output>
          </reporter-output>
        </test-method> <!-- browserQuit -->
        <test-method is-config="true" signature="browserInitialization(java.lang.String)[pri:0, instance:testscript.LoginTest@2ea41516]" started-at="2026-01-02T11:56:44 IST" name="browserInitialization" finished-at="2026-01-02T11:56:48 IST" duration-ms="3712" status="PASS">
          <params>
            <param index="0">
              <value>
                <![CDATA[chrome]]>
              </value>
            </param>
          </params>
          <reporter-output>
          </reporter-output>
        </test-method> <!-- browserInitialization -->
        <test-method signature="verifyUserLoginWithValidCredentials()[pri:1, instance:testscript.LoginTest@2ea41516]" started-at="2026-01-02T11:56:48 IST" name="verifyUserLoginWithValidCredentials" finished-at="2026-01-02T11:56:49 IST" duration-ms="1600" status="PASS">
          <reporter-output>
          </reporter-output>
        </test-method> <!-- verifyUserLoginWithValidCredentials -->
        <test-method is-config="true" signature="browserQuit(org.testng.ITestResult)[pri:0, instance:testscript.LoginTest@2ea41516]" started-at="2026-01-02T11:56:49 IST" name="browserQuit" finished-at="2026-01-02T11:56:49 IST" duration-ms="2" status="PASS">
          <params>
            <param index="0">
              <value>
                <![CDATA[[TestResult name=verifyUserLoginWithValidCredentials status=SUCCESS method=LoginTest.verifyUserLoginWithValidCredentials()[pri:1, instance:testscript.LoginTest@2ea41516] output={null}]]]>
              </value>
            </param>
          </params>
          <reporter-output>
          </reporter-output>
        </test-method> <!-- browserQuit -->
      </class> <!-- testscript.LoginTest -->
    </test> <!-- TestNG -->
  </suite> <!-- Suite -->
</testng-results>
