<?xml version="1.0" encoding="UTF-8"?>
<!-- Generated by org.testng.reporters.JUnitReportReporter -->
<testsuite hostname="DESKTOP-UHDKNQF" failures="0" tests="2" name="testscript.LoginTest" time="14.791" errors="0" timestamp="2026-01-02T11:56:51 IST" skipped="0">
  <testcase classname="testscript.LoginTest" name="verifyUserLoginWithCorrectUnameAndIncorrectPassword" time="8.665"/>
  <testcase classname="testscript.LoginTest" name="verifyUserLoginWithValidCredentials" time="6.126"/>
</testsuite> <!-- testscript.LoginTest -->
