<?xml version="1.0" encoding="UTF-8"?>
<!-- Generated by org.testng.reporters.JUnitXMLReporter -->
<testsuite ignored="2" hostname="DESKTOP-UHDKNQF" failures="0" tests="2" name="ChromeTest" time="18.918" errors="0" timestamp="2025-12-29T13:32:02 IST">
  <testcase classname="testscript.LoginTest" name="verifyUserLoginWithValidCredentials" time="4.302"/>
  <testcase classname="testscript.LoginTest" name="verifyUserLoginWithCorrectUnameAndIncorrectPassword" time="1.932"/>
  <testcase classname="testscript.LoginTest" name="verifyUserLoginWithIncorrectUnameAndIncorrectPassword" time="0.0">
    <ignored/>
  </testcase> <!-- verifyUserLoginWithIncorrectUnameAndIncorrectPassword -->
  <testcase classname="testscript.LoginTest" name="verifyUserLoginWithIncorrectUnameAndCorrectPassword" time="0.0">
    <ignored/>
  </testcase> <!-- verifyUserLoginWithIncorrectUnameAndCorrectPassword -->
</testsuite> <!-- ChromeTest -->
