<?xml version="1.0" encoding="UTF-8"?>
<!-- Generated by org.testng.reporters.JUnitXMLReporter -->
<testsuite ignored="2" hostname="DESKTOP-UHDKNQF" failures="0" tests="2" name="TestNG" time="14.925" errors="0" timestamp="2026-01-02T11:56:51 IST">
  <testcase classname="testscript.LoginTest" name="verifyUserLoginWithCorrectUnameAndIncorrectPassword" time="4.95"/>
  <testcase classname="testscript.LoginTest" name="verifyUserLoginWithValidCredentials" time="1.6"/>
  <testcase classname="testscript.LoginTest" name="verifyUserLoginWithIncorrectUnameAndCorrectPassword" time="0.0">
    <ignored/>
  </testcase> <!-- verifyUserLoginWithIncorrectUnameAndCorrectPassword -->
  <testcase classname="testscript.LoginTest" name="verifyUserLoginWithIncorrectUnameAndIncorrectPassword" time="0.0">
    <ignored/>
  </testcase> <!-- verifyUserLoginWithIncorrectUnameAndIncorrectPassword -->
</testsuite> <!-- TestNG -->
