<?xml version="1.0" encoding="UTF-8"?>
<!-- Generated by org.testng.reporters.JUnitXMLReporter -->
<testsuite ignored="3" hostname="DESKTOP-UHDKNQF" failures="0" tests="1" name="Test" time="26.829" errors="0" timestamp="2025-12-29T14:18:39 IST">
  <testcase classname="testscript.LoginTest" name="verifyUserLoginWithValidCredentials" time="3.555"/>
  <testcase classname="testscript.LoginTest" name="verifyUserLoginWithIncorrectUnameAndIncorrectPassword" time="0.0">
    <ignored/>
  </testcase> <!-- verifyUserLoginWithIncorrectUnameAndIncorrectPassword -->
  <testcase classname="testscript.LoginTest" name="verifyUserLoginWithIncorrectUnameAndCorrectPassword" time="0.0">
    <ignored/>
  </testcase> <!-- verifyUserLoginWithIncorrectUnameAndCorrectPassword -->
  <testcase classname="testscript.LoginTest" name="verifyUserLoginWithCorrectUnameAndIncorrectPassword" time="0.0">
    <ignored/>
  </testcase> <!-- verifyUserLoginWithCorrectUnameAndIncorrectPassword -->
</testsuite> <!-- Test -->
