<?xml version="1.0" encoding="UTF-8"?>
<!-- Generated by org.testng.reporters.JUnitXMLReporter -->
<testsuite ignored="3" hostname="DESKTOP-UHDKNQF" failures="0" tests="1" name="Default test" time="15.199" errors="0" timestamp="2025-12-26T14:40:14 IST">
  <testcase classname="testscript.LoginTest" name="verifyUserLoginWithIncorrectUnameAndIncorrectPassword" time="6.754"/>
  <testcase classname="testscript.LoginTest" name="verifyUserLoginWithIncorrectUnameAndCorrectPassword" time="0.0">
    <ignored/>
  </testcase> <!-- verifyUserLoginWithIncorrectUnameAndCorrectPassword -->
  <testcase classname="testscript.LoginTest" name="verifyUserLoginWithValidCredentials" time="0.0">
    <ignored/>
  </testcase> <!-- verifyUserLoginWithValidCredentials -->
  <testcase classname="testscript.LoginTest" name="verifyUserLoginWithCorrectUnameAndIncorrectPassword" time="0.0">
    <ignored/>
  </testcase> <!-- verifyUserLoginWithCorrectUnameAndIncorrectPassword -->
</testsuite> <!-- Default test -->
