<?xml version="1.0" encoding="UTF-8"?>
<testng-results ignored="0" total="2" passed="2" failed="0" skipped="0">
  <reporter-output>
  </reporter-output>
  <suite started-at="2026-01-02T11:05:59 IST" name="Suite" finished-at="2026-01-02T11:06:24 IST" duration-ms="24816">
    <groups>
      <group name="regression">
        <method signature="LoginTest.verifyUserLoginWithValidCredentials()[pri:1, instance:testscript.LoginTest@210ab13f]" name="verifyUserLoginWithValidCredentials" class="testscript.LoginTest"/>
      </group> <!-- regression -->
    </groups>
    <test started-at="2026-01-02T11:05:59 IST" name="TestNG" finished-at="2026-01-02T11:06:24 IST" duration-ms="24816">
      <class name="testscript.LoginTest">
        <test-method is-config="true" signature="browserInitialization(java.lang.String)[pri:0, instance:testscript.LoginTest@210ab13f]" started-at="2026-01-02T11:05:59 IST" name="browserInitialization" finished-at="2026-01-02T11:06:06 IST" duration-ms="6644" status="PASS">
          <params>
            <param index="0">
              <value>
                <![CDATA[chrome]]>
              </value>
            </param>
          </params>
          <reporter-output>
          </reporter-output>
        </test-method> <!-- browserInitialization -->
        <test-method signature="verifyUserLoginWithCorrectUnameAndIncorrectPassword()[pri:0, instance:testscript.LoginTest@210ab13f]" started-at="2026-01-02T11:06:06 IST" name="verifyUserLoginWithCorrectUnameAndIncorrectPassword" finished-at="2026-01-02T11:06:17 IST" duration-ms="10860" status="PASS">
          <reporter-output>
          </reporter-output>
        </test-method> <!-- verifyUserLoginWithCorrectUnameAndIncorrectPassword -->
        <test-method is-config="true" signature="browserInitialization(java.lang.String)[pri:0, instance:testscript.LoginTest@210ab13f]" started-at="2026-01-02T11:06:17 IST" name="browserInitialization" finished-at="2026-01-02T11:06:23 IST" duration-ms="5813" status="PASS">
          <params>
            <param index="0">
              <value>
                <![CDATA[chrome]]>
              </value>
            </param>
          </params>
          <reporter-output>
          </reporter-output>
        </test-method> <!-- browserInitialization -->
        <test-method signature="verifyUserLoginWithValidCredentials()[pri:1, instance:testscript.LoginTest@210ab13f]" started-at="2026-01-02T11:06:23 IST" name="verifyUserLoginWithValidCredentials" finished-at="2026-01-02T11:06:24 IST" duration-ms="1380" status="PASS">
          <reporter-output>
          </reporter-output>
        </test-method> <!-- verifyUserLoginWithValidCredentials -->
      </class> <!-- testscript.LoginTest -->
    </test> <!-- TestNG -->
  </suite> <!-- Suite -->
</testng-results>
