<?xml version="1.0" encoding="UTF-8"?>
<!-- Generated by org.testng.reporters.JUnitXMLReporter -->
<testsuite ignored="2" hostname="DESKTOP-UHDKNQF" failures="0" tests="2" name="TestNG" time="24.816" errors="0" timestamp="2026-01-02T11:06:28 IST">
  <testcase classname="testscript.LoginTest" name="verifyUserLoginWithCorrectUnameAndIncorrectPassword" time="10.86"/>
  <testcase classname="testscript.LoginTest" name="verifyUserLoginWithValidCredentials" time="1.38"/>
  <testcase classname="testscript.LoginTest" name="verifyUserLoginWithIncorrectUnameAndCorrectPassword" time="0.0">
    <ignored/>
  </testcase> <!-- verifyUserLoginWithIncorrectUnameAndCorrectPassword -->
  <testcase classname="testscript.LoginTest" name="verifyUserLoginWithIncorrectUnameAndIncorrectPassword" time="0.0">
    <ignored/>
  </testcase> <!-- verifyUserLoginWithIncorrectUnameAndIncorrectPassword -->
</testsuite> <!-- TestNG -->
