<?xml version="1.0" encoding="UTF-8"?>
<!-- Generated by org.testng.reporters.JUnitReportReporter -->
<testsuite hostname="DESKTOP-UHDKNQF" failures="0" tests="2" name="testscript.LoginTest" time="24.697" errors="0" timestamp="2026-01-02T11:06:29 IST" skipped="0">
  <testcase classname="testscript.LoginTest" name="verifyUserLoginWithCorrectUnameAndIncorrectPassword" time="16.673"/>
  <testcase classname="testscript.LoginTest" name="verifyUserLoginWithValidCredentials" time="8.024"/>
</testsuite> <!-- testscript.LoginTest -->
