<?xml version="1.0" encoding="UTF-8"?>
<!-- Generated by org.testng.reporters.JUnitReportReporter -->
<testsuite hostname="DESKTOP-UHDKNQF" failures="0" tests="4" name="demopackage.Login" time="9.809" errors="0" timestamp="2025-12-17T12:10:49 IST" skipped="0">
  <testcase classname="demopackage.Login" name="incorrectLogin1" time="2.372"/>
  <testcase classname="demopackage.Login" name="login" time="2.172"/>
  <testcase classname="demopackage.Login" name="incorrectLogin3" time="2.508"/>
  <testcase classname="demopackage.Login" name="incorrectLogin2" time="2.757"/>
</testsuite> <!-- demopackage.Login -->
